{
  "stats": {
    "suites": 13,
    "tests": 22,
    "passes": 18,
    "pending": 0,
    "failures": 4,
    "start": "2022-02-22T16:09:01.185Z",
    "end": "2022-02-22T16:11:44.300Z",
    "duration": 73534,
    "testsRegistered": 22,
    "passPercent": 81.81818181818181,
    "pendingPercent": 0,
    "other": 0,
    "hasOther": false,
    "skipped": 0,
    "hasSkipped": false
  },
  "results": [
    {
      "uuid": "62a4576d-6d51-46ac-9486-c88abe00fbbd",
      "title": "",
      "fullFile": "cypress/integration/automation-test-store/add-multiple-items-to-basket_FINAL (1).js",
      "file": "cypress/integration/automation-test-store/add-multiple-items-to-basket_FINAL (1).js",
      "beforeHooks": [],
      "afterHooks": [],
      "tests": [],
      "suites": [
        {
          "uuid": "10175ffb-64b9-428c-b0a5-a95af29a5932",
          "title": "Add multiple items to basket",
          "fullFile": "",
          "file": "",
          "beforeHooks": [],
          "afterHooks": [],
          "tests": [
            {
              "title": "Add specific items to basket",
              "fullTitle": "Add multiple items to basket Add specific items to basket",
              "timedOut": null,
              "duration": 5574,
              "state": "passed",
              "speed": "medium",
              "pass": true,
              "fail": false,
              "pending": false,
              "context": null,
              "code": "globalThis.data.productName.forEach(function (element) {\n  cy.addProductToBusket(element);\n});\ncy.get('.dropdown-toggle > .fa').click();",
              "err": {},
              "uuid": "f5cfb0b2-661e-44c5-ab42-70adc84ec40b",
              "parentUUID": "10175ffb-64b9-428c-b0a5-a95af29a5932",
              "isHook": false,
              "skipped": false
            }
          ],
          "suites": [],
          "passes": [
            "f5cfb0b2-661e-44c5-ab42-70adc84ec40b"
          ],
          "failures": [],
          "pending": [],
          "skipped": [],
          "duration": 5574,
          "root": false,
          "rootEmpty": false,
          "_timeout": 2000
        }
      ],
      "passes": [],
      "failures": [],
      "pending": [],
      "skipped": [],
      "duration": 0,
      "root": true,
      "rootEmpty": true,
      "_timeout": 2000
    },
    {
      "uuid": "3a0dbd19-7703-4326-ac14-affe5cc10d1c",
      "title": "",
      "fullFile": "cypress/integration/automation-test-store/add-multiple-items-to-basket.js",
      "file": "cypress/integration/automation-test-store/add-multiple-items-to-basket.js",
      "beforeHooks": [],
      "afterHooks": [],
      "tests": [],
      "suites": [
        {
          "uuid": "5cb9aa82-26b4-472d-93a7-d712406572a6",
          "title": "Add multiple items to basket",
          "fullFile": "",
          "file": "",
          "beforeHooks": [],
          "afterHooks": [],
          "tests": [
            {
              "title": "Add specific items to basket",
              "fullTitle": "Add multiple items to basket Add specific items to basket",
              "timedOut": null,
              "duration": 5008,
              "state": "passed",
              "speed": "medium",
              "pass": true,
              "fail": false,
              "pending": false,
              "context": null,
              "code": "autoStore_HairCare_PO.addHairCareProductToBusket();",
              "err": {},
              "uuid": "f04c15d9-a4dc-4f51-822d-d45e7fc8b2ae",
              "parentUUID": "5cb9aa82-26b4-472d-93a7-d712406572a6",
              "isHook": false,
              "skipped": false
            }
          ],
          "suites": [],
          "passes": [
            "f04c15d9-a4dc-4f51-822d-d45e7fc8b2ae"
          ],
          "failures": [],
          "pending": [],
          "skipped": [],
          "duration": 5008,
          "root": false,
          "rootEmpty": false,
          "_timeout": 2000
        }
      ],
      "passes": [],
      "failures": [],
      "pending": [],
      "skipped": [],
      "duration": 0,
      "root": true,
      "rootEmpty": true,
      "_timeout": 2000
    },
    {
      "uuid": "db02b1aa-d2b9-4e43-8164-490fcb556abc",
      "title": "",
      "fullFile": "cypress/integration/automation-test-store/alias-invoke.js",
      "file": "cypress/integration/automation-test-store/alias-invoke.js",
      "beforeHooks": [],
      "afterHooks": [],
      "tests": [],
      "suites": [
        {
          "uuid": "d4365add-a543-400d-b08a-5a2024e1e53a",
          "title": "Alias and invoke",
          "fullFile": "",
          "file": "",
          "beforeHooks": [],
          "afterHooks": [],
          "tests": [
            {
              "title": "Calculate total of normal and sale products",
              "fullTitle": "Alias and invoke Calculate total of normal and sale products",
              "timedOut": null,
              "duration": 4140,
              "state": "passed",
              "speed": "fast",
              "pass": true,
              "fail": false,
              "pending": false,
              "context": null,
              "code": "cy.visit(\"https://automationteststore.com/\");\ncy.get('.thumbnail').as('productThumbnail'); //cy.get('@productThumbnail').find('.oneprice').each(($el, index, $list) => {\n//     cy.log($el.text())\ncy.get('.thumbnail').find('.oneprice').invoke('text').as('itemPrice');\ncy.get('.thumbnail').find('.pricenew').invoke('text').as('saleItemPrice');\nvar itemsTotal = 0;\ncy.get('@itemPrice').then($linkText => {\n  let itemsPriceTotal = 0;\n  let itemPrice = $linkText.split('$');\n  let i;\n  for (i = 0; i < itemPrice.length; i++) {\n    cy.log(itemPrice[i]);\n    itemsPriceTotal += Number(itemPrice[i]);\n  }\n  itemsTotal += itemsPriceTotal;\n  cy.log(\"Non sale price items total: \" + itemsPriceTotal);\n});\ncy.get('@saleItemPrice').then($linkText => {\n  let saleItemsPrice = 0;\n  let saleItemPrice = $linkText.split('$');\n  let i;\n  for (i = 0; i < saleItemPrice.length; i++) {\n    cy.log(saleItemPrice[i]);\n    saleItemsPrice += Number(saleItemPrice[i]);\n  }\n  itemsTotal += saleItemsPrice;\n  cy.log(\"Sale price items total: \" + saleItemsPrice);\n  cy.log(itemsTotal);\n}).then(() => {\n  cy.log('The total price of all products: ' + itemsTotal);\n  expect(itemsTotal).to.equal(648.5);\n});",
              "err": {},
              "uuid": "770ce5a6-f9a5-4161-a015-5f4d1515cf1a",
              "parentUUID": "d4365add-a543-400d-b08a-5a2024e1e53a",
              "isHook": false,
              "skipped": false
            }
          ],
          "suites": [],
          "passes": [
            "770ce5a6-f9a5-4161-a015-5f4d1515cf1a"
          ],
          "failures": [],
          "pending": [],
          "skipped": [],
          "duration": 4140,
          "root": false,
          "rootEmpty": false,
          "_timeout": 2000
        }
      ],
      "passes": [],
      "failures": [],
      "pending": [],
      "skipped": [],
      "duration": 0,
      "root": true,
      "rootEmpty": true,
      "_timeout": 2000
    },
    {
      "uuid": "fe494074-7278-44f5-b09e-120b450bf20c",
      "title": "",
      "fullFile": "cypress/integration/automation-test-store/contact-us.js",
      "file": "cypress/integration/automation-test-store/contact-us.js",
      "beforeHooks": [],
      "afterHooks": [],
      "tests": [],
      "suites": [
        {
          "uuid": "91cb3179-c57d-42b1-a93c-04bbaef890c3",
          "title": "Test Contact Us form via Automation Test Store",
          "fullFile": "",
          "file": "",
          "beforeHooks": [],
          "afterHooks": [],
          "tests": [
            {
              "title": "Should be able to submit a successful submission via contact us form",
              "fullTitle": "Test Contact Us form via Automation Test Store Should be able to submit a successful submission via contact us form",
              "timedOut": null,
              "duration": 8196,
              "state": "passed",
              "speed": "medium",
              "pass": true,
              "fail": false,
              "pending": false,
              "context": null,
              "code": "cy.visit(\"https://automationteststore.com/\"); //cy.xpath(\"//a[contains(@href, 'contact')]\").click()\ncy.get(\"a[href$='contact']\").click().then(function (itemHeaderText) {\n  console.log(\"Selected the following item: \" + itemHeaderText.text());\n});\ncy.get(\"@user\").then(user => {\n  cy.get('#ContactUsFrm_first_name').type(user.first_name);\n  cy.get('#ContactUsFrm_email').type(user.email);\n});\ncy.get('#ContactUsFrm_email').should('have.attr', 'name', 'email');\ncy.get('#ContactUsFrm_enquiry').type(\"how to become QA auto\");\ncy.get(\"button[title='Submit']\").click();\ncy.get('.mb40 > :nth-child(3)').should('have.text', 'Your enquiry has been successfully sent to the store owner!');\ncy.log('Test has completed!');",
              "err": {},
              "uuid": "c08216f9-778c-44a5-ab2d-8d12a5053c59",
              "parentUUID": "91cb3179-c57d-42b1-a93c-04bbaef890c3",
              "isHook": false,
              "skipped": false
            }
          ],
          "suites": [],
          "passes": [
            "c08216f9-778c-44a5-ab2d-8d12a5053c59"
          ],
          "failures": [],
          "pending": [],
          "skipped": [],
          "duration": 8196,
          "root": false,
          "rootEmpty": false,
          "_timeout": 2000
        }
      ],
      "passes": [],
      "failures": [],
      "pending": [],
      "skipped": [],
      "duration": 0,
      "root": true,
      "rootEmpty": true,
      "_timeout": 2000
    },
    {
      "uuid": "84271dab-e5c7-4e4e-9633-588345a96bda",
      "title": "",
      "fullFile": "cypress/integration/automation-test-store/inspest-item.js",
      "file": "cypress/integration/automation-test-store/inspest-item.js",
      "beforeHooks": [],
      "afterHooks": [],
      "tests": [],
      "suites": [
        {
          "uuid": "ce66a053-29b4-4fd6-87a3-729874a3432c",
          "title": "Inspect Automation Test Store items using chain of commands",
          "fullFile": "",
          "file": "",
          "beforeHooks": [],
          "afterHooks": [],
          "tests": [
            {
              "title": "Click on the first item using item header",
              "fullTitle": "Inspect Automation Test Store items using chain of commands Click on the first item using item header",
              "timedOut": null,
              "duration": 3568,
              "state": "passed",
              "speed": "fast",
              "pass": true,
              "fail": false,
              "pending": false,
              "context": null,
              "code": "cy.visit(\"https://automationteststore.com/\");\ncy.get('#block_frame_featured_1769 > .thumbnails > :nth-child(1) > .fixed_wrapper > .fixed > .prdocutname').click();",
              "err": {},
              "uuid": "8ddf99a8-3c80-42a7-b7f1-132faf5dd407",
              "parentUUID": "ce66a053-29b4-4fd6-87a3-729874a3432c",
              "isHook": false,
              "skipped": false
            },
            {
              "title": "Click on the first item using item text",
              "fullTitle": "Inspect Automation Test Store items using chain of commands Click on the first item using item text",
              "timedOut": null,
              "duration": 1591,
              "state": "passed",
              "speed": "fast",
              "pass": true,
              "fail": false,
              "pending": false,
              "context": null,
              "code": "cy.visit(\"https://automationteststore.com/\");\ncy.get('.prdocutname').contains('Skinsheen Bronzer Stick').click().then(function (itemHeaderText) {\n  console.log(\"Selected the following item: \" + itemHeaderText.text());\n});",
              "err": {},
              "uuid": "7baf8ec8-bcd6-4072-ae0b-32436bd4aac8",
              "parentUUID": "ce66a053-29b4-4fd6-87a3-729874a3432c",
              "isHook": false,
              "skipped": false
            },
            {
              "title": "Click on the first item using item index",
              "fullTitle": "Inspect Automation Test Store items using chain of commands Click on the first item using item index",
              "timedOut": null,
              "duration": 1800,
              "state": "passed",
              "speed": "fast",
              "pass": true,
              "fail": false,
              "pending": false,
              "context": null,
              "code": "cy.visit(\"https://automationteststore.com/\");\ncy.get('.fixed_wrapper').find('.prdocutname').eq(0).click();",
              "err": {},
              "uuid": "58f4c8d1-3154-4145-8053-6da4977fa673",
              "parentUUID": "ce66a053-29b4-4fd6-87a3-729874a3432c",
              "isHook": false,
              "skipped": false
            }
          ],
          "suites": [],
          "passes": [
            "8ddf99a8-3c80-42a7-b7f1-132faf5dd407",
            "7baf8ec8-bcd6-4072-ae0b-32436bd4aac8",
            "58f4c8d1-3154-4145-8053-6da4977fa673"
          ],
          "failures": [],
          "pending": [],
          "skipped": [],
          "duration": 6959,
          "root": false,
          "rootEmpty": false,
          "_timeout": 2000
        }
      ],
      "passes": [],
      "failures": [],
      "pending": [],
      "skipped": [],
      "duration": 0,
      "root": true,
      "rootEmpty": true,
      "_timeout": 2000
    },
    {
      "uuid": "12842b48-ce22-40d2-aff4-ed5c2491f190",
      "title": "",
      "fullFile": "cypress/integration/automation-test-store/iterate-over-elements.js",
      "file": "cypress/integration/automation-test-store/iterate-over-elements.js",
      "beforeHooks": [],
      "afterHooks": [],
      "tests": [],
      "suites": [
        {
          "uuid": "7aff0e55-9e70-4a24-811d-27c1eb6c983a",
          "title": "Iterate over elements",
          "fullFile": "",
          "file": "",
          "beforeHooks": [],
          "afterHooks": [],
          "tests": [
            {
              "title": "Log information of all hair care products",
              "fullTitle": "Iterate over elements Log information of all hair care products",
              "timedOut": null,
              "duration": 3897,
              "state": "passed",
              "speed": "fast",
              "pass": true,
              "fail": false,
              "pending": false,
              "context": null,
              "code": "cy.get('.fixed_wrapper .prdocutname').each(($el, index, $list) => {\n  cy.log(\"Index: \" + index + \" : \" + $el.text());\n});",
              "err": {},
              "uuid": "94cdcfc0-f880-4d28-bed8-7eeb48e7721e",
              "parentUUID": "7aff0e55-9e70-4a24-811d-27c1eb6c983a",
              "isHook": false,
              "skipped": false
            },
            {
              "title": "Add cpecific product to basket",
              "fullTitle": "Iterate over elements Add cpecific product to basket",
              "timedOut": null,
              "duration": 2884,
              "state": "passed",
              "speed": "fast",
              "pass": true,
              "fail": false,
              "pending": false,
              "context": null,
              "code": "//  cy.get('.fixed_wrapper .prdocutname').each(($el, index, $list) => {\n//      if($el.text().includes('Curls to straight Shampoo')) {\n//           cy.wrap($el).click()\n//      }\n//   })\ncy.selectProduct('Curls to straight Shampoo');",
              "err": {},
              "uuid": "2c8e877f-1411-497d-a108-644d690344b7",
              "parentUUID": "7aff0e55-9e70-4a24-811d-27c1eb6c983a",
              "isHook": false,
              "skipped": false
            },
            {
              "title": "Add another cpecific product to basket",
              "fullTitle": "Iterate over elements Add another cpecific product to basket",
              "timedOut": null,
              "duration": 2846,
              "state": "passed",
              "speed": "fast",
              "pass": true,
              "fail": false,
              "pending": false,
              "context": null,
              "code": "cy.selectProduct('Seaweed Conditioner');",
              "err": {},
              "uuid": "105e5992-8e9d-4182-b84d-a1850da75857",
              "parentUUID": "7aff0e55-9e70-4a24-811d-27c1eb6c983a",
              "isHook": false,
              "skipped": false
            },
            {
              "title": "Add another cpecific product to basket again",
              "fullTitle": "Iterate over elements Add another cpecific product to basket again",
              "timedOut": null,
              "duration": 2682,
              "state": "passed",
              "speed": "fast",
              "pass": true,
              "fail": false,
              "pending": false,
              "context": null,
              "code": "cy.selectProduct('Pantene Pro-V Conditioner, Classic Care');",
              "err": {},
              "uuid": "3cf3414f-52a3-4596-ba25-fd3c0d3cfa5c",
              "parentUUID": "7aff0e55-9e70-4a24-811d-27c1eb6c983a",
              "isHook": false,
              "skipped": false
            }
          ],
          "suites": [],
          "passes": [
            "94cdcfc0-f880-4d28-bed8-7eeb48e7721e",
            "2c8e877f-1411-497d-a108-644d690344b7",
            "105e5992-8e9d-4182-b84d-a1850da75857",
            "3cf3414f-52a3-4596-ba25-fd3c0d3cfa5c"
          ],
          "failures": [],
          "pending": [],
          "skipped": [],
          "duration": 12309,
          "root": false,
          "rootEmpty": false,
          "_timeout": 2000
        }
      ],
      "passes": [],
      "failures": [],
      "pending": [],
      "skipped": [],
      "duration": 0,
      "root": true,
      "rootEmpty": true,
      "_timeout": 2000
    },
    {
      "uuid": "d96faf01-c93f-4258-874c-95af2c6525e7",
      "title": "",
      "fullFile": "cypress/integration/automation-test-store/variables-and-cy-commands.js",
      "file": "cypress/integration/automation-test-store/variables-and-cy-commands.js",
      "beforeHooks": [],
      "afterHooks": [],
      "tests": [],
      "suites": [
        {
          "uuid": "4e732ed9-279a-4983-83b4-3d21737f11ae",
          "title": "Verifying variables, cypress commands and jquery commands",
          "fullFile": "",
          "file": "",
          "beforeHooks": [],
          "afterHooks": [],
          "tests": [
            {
              "title": "Validate properties of contact us page",
              "fullTitle": "Verifying variables, cypress commands and jquery commands Validate properties of contact us page",
              "timedOut": null,
              "duration": 1758,
              "state": "passed",
              "speed": "fast",
              "pass": true,
              "fail": false,
              "pending": false,
              "context": null,
              "code": "cy.visit(\"https://automationteststore.com/index.php?rt=content/contact\"); //Uses cypress command and chaining\ncy.contains('#ContactUsFrm', 'Contact Us Form').find('#field_11').should('contain', 'First name'); //JQuery Approach\ncy.contains('#ContactUsFrm', 'Contact Us Form').then(text => {\n  const firstNameText = text.find('#field_11').text();\n  expect(firstNameText).to.contain('First name');\n}); //Embedded commands\ncy.get('#field_11').then(fnText => {\n  cy.log(fnText.text());\n});",
              "err": {},
              "uuid": "2dd3ea7e-cad8-4f87-acc6-6af838f37f86",
              "parentUUID": "4e732ed9-279a-4983-83b4-3d21737f11ae",
              "isHook": false,
              "skipped": false
            }
          ],
          "suites": [],
          "passes": [
            "2dd3ea7e-cad8-4f87-acc6-6af838f37f86"
          ],
          "failures": [],
          "pending": [],
          "skipped": [],
          "duration": 1758,
          "root": false,
          "rootEmpty": false,
          "_timeout": 2000
        }
      ],
      "passes": [],
      "failures": [],
      "pending": [],
      "skipped": [],
      "duration": 0,
      "root": true,
      "rootEmpty": true,
      "_timeout": 2000
    },
    {
      "uuid": "665699c5-3027-455f-88a9-40131722fbe2",
      "title": "",
      "fullFile": "cypress/integration/webdriver-uni/autocomplete-dropdown-list.js",
      "file": "cypress/integration/webdriver-uni/autocomplete-dropdown-list.js",
      "beforeHooks": [],
      "afterHooks": [],
      "tests": [],
      "suites": [
        {
          "uuid": "3d583bf8-24a2-4d04-98b7-9c5e20b38d3d",
          "title": "Verify Autocomplete dropdown ",
          "fullFile": "",
          "file": "",
          "beforeHooks": [],
          "afterHooks": [],
          "tests": [
            {
              "title": "Select specific product with autocomplete list",
              "fullTitle": "Verify Autocomplete dropdown  Select specific product with autocomplete list",
              "timedOut": null,
              "duration": 2664,
              "state": "passed",
              "speed": "fast",
              "pass": true,
              "fail": false,
              "pending": false,
              "context": null,
              "code": "cy.visit('https://webdriveruniversity.com');\ncy.get('#autocomplete-textfield').invoke('removeAttr', 'target').click({\n  force: true\n});\ncy.get('#myInput').type('A');\ncy.get('#myInputautocomplete-list > *').each(($el, index, $list) => {\n  const prod = $el.text();\n  const productToSelect = 'Avacado';\n  if (prod === productToSelect) {\n    $el.click();\n    cy.get('#submit-button').click();\n    cy.url().should('include', productToSelect);\n  }\n}).then(() => {\n  cy.get('#myInput').type('g');\n  cy.get('#myInputautocomplete-list > *').each(($el, index, $list) => {\n    const prod = $el.text();\n    const productToSelect = 'Grape';\n    if (prod === productToSelect) {\n      // $el.click()\n      $el.trigger(\"click\");\n      cy.get('#submit-button').click();\n      cy.url().should('include', productToSelect);\n    }\n  });\n});",
              "err": {},
              "uuid": "d465b4bc-fbf0-4a50-8666-e04136dc1640",
              "parentUUID": "3d583bf8-24a2-4d04-98b7-9c5e20b38d3d",
              "isHook": false,
              "skipped": false
            }
          ],
          "suites": [],
          "passes": [
            "d465b4bc-fbf0-4a50-8666-e04136dc1640"
          ],
          "failures": [],
          "pending": [],
          "skipped": [],
          "duration": 2664,
          "root": false,
          "rootEmpty": false,
          "_timeout": 2000
        }
      ],
      "passes": [],
      "failures": [],
      "pending": [],
      "skipped": [],
      "duration": 0,
      "root": true,
      "rootEmpty": true,
      "_timeout": 2000
    },
    {
      "uuid": "507d9142-385c-48b3-a62d-bd5a2e41be7b",
      "title": "",
      "fullFile": "cypress/integration/webdriver-uni/browsers-navigation.js",
      "file": "cypress/integration/webdriver-uni/browsers-navigation.js",
      "beforeHooks": [],
      "afterHooks": [],
      "tests": [],
      "suites": [
        {
          "uuid": "dac08fde-cd90-4887-a0e8-6fbc519f6253",
          "title": "Validate webdriveruni homepage links",
          "fullFile": "",
          "file": "",
          "beforeHooks": [],
          "afterHooks": [],
          "tests": [
            {
              "title": "Confirm links redirect to the correct pages",
              "fullTitle": "Validate webdriveruni homepage links Confirm links redirect to the correct pages",
              "timedOut": null,
              "duration": 5390,
              "state": "passed",
              "speed": "medium",
              "pass": true,
              "fail": false,
              "pending": false,
              "context": null,
              "code": "cy.visit('https://webdriveruniversity.com');\ncy.get('#contact-us').invoke('removeAttr', 'target').click({\n  force: true\n});\ncy.url().should('include', 'contactus');\ncy.go('back');\ncy.reload(true); //reload without using cashe\ncy.url().should('include', 'https://webdriveruniversity.com');\ncy.go('forward');\ncy.url().should('include', 'contactus');\ncy.go('back');\ncy.get('#login-portal').invoke('removeAttr', 'target').click({\n  force: true\n});\ncy.url().should('include', 'Login-Portal');\ncy.go('back');\ncy.get('#to-do-list').invoke('removeAttr', 'target').click({\n  force: true\n});\ncy.url().should('include', 'To-Do-List');\ncy.go('back');",
              "err": {},
              "uuid": "21b11377-c983-421d-ab09-05899d6a5e26",
              "parentUUID": "dac08fde-cd90-4887-a0e8-6fbc519f6253",
              "isHook": false,
              "skipped": false
            }
          ],
          "suites": [],
          "passes": [
            "21b11377-c983-421d-ab09-05899d6a5e26"
          ],
          "failures": [],
          "pending": [],
          "skipped": [],
          "duration": 5390,
          "root": false,
          "rootEmpty": false,
          "_timeout": 2000
        }
      ],
      "passes": [],
      "failures": [],
      "pending": [],
      "skipped": [],
      "duration": 0,
      "root": true,
      "rootEmpty": true,
      "_timeout": 2000
    },
    {
      "uuid": "ade33798-5e9f-40fb-90ae-eb80998604f9",
      "title": "",
      "fullFile": "cypress/integration/webdriver-uni/checkboxes.js",
      "file": "cypress/integration/webdriver-uni/checkboxes.js",
      "beforeHooks": [],
      "afterHooks": [],
      "tests": [],
      "suites": [
        {
          "uuid": "36e0643d-d800-4995-bac1-fada767c2f22",
          "title": "Verify checkboxrs in webdriveruni",
          "fullFile": "",
          "file": "",
          "beforeHooks": [],
          "afterHooks": [],
          "tests": [
            {
              "title": "Check and validate checkbox",
              "fullTitle": "Verify checkboxrs in webdriveruni Check and validate checkbox",
              "timedOut": null,
              "duration": 1128,
              "state": "passed",
              "speed": "fast",
              "pass": true,
              "fail": false,
              "pending": false,
              "context": null,
              "code": "//cy.get('#checkboxes > :nth-child(1) > input').check()\n//cy.get('#checkboxes > :nth-child(1) > input').check().should('be.checked')\ncy.get('#checkboxes > :nth-child(1) > input').as('option-1');\ncy.get('@option-1').check();\ncy.get('@option-1').check().should('be.checked');",
              "err": {},
              "uuid": "d8594baf-9d00-44be-ae06-8750d8214a59",
              "parentUUID": "36e0643d-d800-4995-bac1-fada767c2f22",
              "isHook": false,
              "skipped": false
            },
            {
              "title": "Uncheck and validate checkbox",
              "fullTitle": "Verify checkboxrs in webdriveruni Uncheck and validate checkbox",
              "timedOut": null,
              "duration": 411,
              "state": "passed",
              "speed": "fast",
              "pass": true,
              "fail": false,
              "pending": false,
              "context": null,
              "code": "//cy.get('#checkboxes > :nth-child(5) > input').uncheck()\n//cy.get('#checkboxes > :nth-child(5) > input').check().should('be.unchecked')\ncy.get(':nth-child(5) > input').as('option-3');\ncy.get('@option-3').uncheck().should('not.be.checked');",
              "err": {},
              "uuid": "4c31afa0-991b-4220-bcbe-48a24302c474",
              "parentUUID": "36e0643d-d800-4995-bac1-fada767c2f22",
              "isHook": false,
              "skipped": false
            },
            {
              "title": "Check multiple checkboxes",
              "fullTitle": "Verify checkboxrs in webdriveruni Check multiple checkboxes",
              "timedOut": null,
              "duration": 580,
              "state": "passed",
              "speed": "fast",
              "pass": true,
              "fail": false,
              "pending": false,
              "context": null,
              "code": "cy.get(\"input[type='checkbox']\").check([\"option-1\", \"option-2\", \"option-3\", \"option-4\"]).should('be.checked');",
              "err": {},
              "uuid": "96fc3dcb-c099-4621-8f2a-00c2e2e861ef",
              "parentUUID": "36e0643d-d800-4995-bac1-fada767c2f22",
              "isHook": false,
              "skipped": false
            }
          ],
          "suites": [],
          "passes": [
            "d8594baf-9d00-44be-ae06-8750d8214a59",
            "4c31afa0-991b-4220-bcbe-48a24302c474",
            "96fc3dcb-c099-4621-8f2a-00c2e2e861ef"
          ],
          "failures": [],
          "pending": [],
          "skipped": [],
          "duration": 2119,
          "root": false,
          "rootEmpty": false,
          "_timeout": 2000
        }
      ],
      "passes": [],
      "failures": [],
      "pending": [],
      "skipped": [],
      "duration": 0,
      "root": true,
      "rootEmpty": true,
      "_timeout": 2000
    },
    {
      "uuid": "f3b9d3cd-7072-45ee-b03b-d0dba9cc20f2",
      "title": "",
      "fullFile": "cypress/integration/webdriver-uni/contact-us_FINAL (1).js",
      "file": "cypress/integration/webdriver-uni/contact-us_FINAL (1).js",
      "beforeHooks": [],
      "afterHooks": [],
      "tests": [],
      "suites": [
        {
          "uuid": "568cf50b-45e9-4a22-8c57-c2aa3487824b",
          "title": "Test Contact Us form via WebdriverUni",
          "fullFile": "",
          "file": "",
          "beforeHooks": [],
          "afterHooks": [],
          "tests": [
            {
              "title": "Should be able to submit a successful submission via contact us form",
              "fullTitle": "Test Contact Us form via WebdriverUni Should be able to submit a successful submission via contact us form",
              "timedOut": null,
              "duration": 3632,
              "state": "failed",
              "speed": null,
              "pass": false,
              "fail": true,
              "pending": false,
              "context": null,
              "code": "//cy.visit(\"http://www.webdriveruniversity.com/Contact-Us/contactus.html\");\ncy.visit(\"http://www.webdriveruniversity.com\");\ncy.get('#contact-us').invoke('removeAttr', 'target').click({\n  force: true\n});\ncy.document().should('have.property', 'charset').and('eq', 'UTF-8');\ncy.title().should('include', 'WebDriver | Contact Us');\ncy.url().should('include', 'contactus'); //cy.get('#contact-us').click({force: true})\n// cy.get('[name=\"first_name\"]').type(data.first_name);\n// cy.get('[name=\"last_name\"]').type(data.last_name);\n// cy.get('[name=\"email\"]').type(data.email)\n// cy.get('textarea.feedback-input').type(\"How can I learn Cypress?\")\n// cy.get('[type=\"submit\"]').click();\n// cy.get('h1').should('have.text', 'Thank You for your Message!')\ncy.webdriverUni_ContactForm_Submission(data.first_name, data.last_name, data.email, \"How can I learn Cypress?\", 'h1', 'Thank You for your Message!');",
              "err": {
                "message": "Error: Syntax error, unrecognized expression: $selector",
                "estack": "Error: Syntax error, unrecognized expression: $selector\n    at Function.Sizzle.error (http://www.webdriveruniversity.com/__cypress/runner/cypress_runner.js:109303:8)\n    at Sizzle.tokenize (http://www.webdriveruniversity.com/__cypress/runner/cypress_runner.js:109955:11)\n    at Sizzle.select (http://www.webdriveruniversity.com/__cypress/runner/cypress_runner.js:110382:20)\n    at Function.Sizzle [as find] (http://www.webdriveruniversity.com/__cypress/runner/cypress_runner.js:108607:9)\n    at jQuery.fn.init.find (http://www.webdriveruniversity.com/__cypress/runner/cypress_runner.js:110638:11)\n    at new jQuery.fn.init (http://www.webdriveruniversity.com/__cypress/runner/cypress_runner.js:110753:40)\n    at Object.query (http://www.webdriveruniversity.com/__cypress/runner/cypress_runner.js:183602:10)\n    at $Cy.$$ (http://www.webdriveruniversity.com/__cypress/runner/cypress_runner.js:171840:65)\n    at getElements (http://www.webdriveruniversity.com/__cypress/runner/cypress_runner.js:158741:20)\n    at tryCatcher (http://www.webdriveruniversity.com/__cypress/runner/cypress_runner.js:13196:23)\n    at Function.Promise.attempt.Promise.try (http://www.webdriveruniversity.com/__cypress/runner/cypress_runner.js:10470:29)\n    at resolveElements (http://www.webdriveruniversity.com/__cypress/runner/cypress_runner.js:158791:67)\n    at Context.get (http://www.webdriveruniversity.com/__cypress/runner/cypress_runner.js:158802:14)\n    at http://www.webdriveruniversity.com/__cypress/runner/cypress_runner.js:170939:15\n    at tryCatcher (http://www.webdriveruniversity.com/__cypress/runner/cypress_runner.js:13196:23)",
                "diff": null
              },
              "uuid": "71957a3f-413c-4fc3-a6d8-108993fdeabe",
              "parentUUID": "568cf50b-45e9-4a22-8c57-c2aa3487824b",
              "isHook": false,
              "skipped": false
            },
            {
              "title": "Should not be able to submit a successful submission via contact us form as all fields are required",
              "fullTitle": "Test Contact Us form via WebdriverUni Should not be able to submit a successful submission via contact us form as all fields are required",
              "timedOut": null,
              "duration": 2013,
              "state": "failed",
              "speed": null,
              "pass": false,
              "fail": true,
              "pending": false,
              "context": null,
              "code": "//cy.visit(\"http://www.webdriveruniversity.com/Contact-Us/contactus.html\");\ncy.visit(\"http://www.webdriveruniversity.com\");\ncy.get('#contact-us').invoke('removeAttr', 'target').click({\n  force: true\n}); // cy.get('[name=\"first_name\"]').type(data.first_name);\n// cy.get('[name=\"last_name\"]').type(data.last_name);\n// cy.get('textarea.feedback-input').type(\"How can I learn Cypress?\")\n// cy.get('[type=\"submit\"]').click();\n// cy.get('body').contains('Error: all fields are required');\ncy.webdriverUni_ContactForm_Submission(data.first_name, data.last_name, \" \", \"How can I learn Cypress?\", 'body', 'Error: Invalid email address');",
              "err": {
                "message": "Error: Syntax error, unrecognized expression: $selector",
                "estack": "Error: Syntax error, unrecognized expression: $selector\n    at Function.Sizzle.error (http://www.webdriveruniversity.com/__cypress/runner/cypress_runner.js:109303:8)\n    at Sizzle.tokenize (http://www.webdriveruniversity.com/__cypress/runner/cypress_runner.js:109955:11)\n    at Sizzle.select (http://www.webdriveruniversity.com/__cypress/runner/cypress_runner.js:110382:20)\n    at Function.Sizzle [as find] (http://www.webdriveruniversity.com/__cypress/runner/cypress_runner.js:108607:9)\n    at jQuery.fn.init.find (http://www.webdriveruniversity.com/__cypress/runner/cypress_runner.js:110638:11)\n    at new jQuery.fn.init (http://www.webdriveruniversity.com/__cypress/runner/cypress_runner.js:110753:40)\n    at Object.query (http://www.webdriveruniversity.com/__cypress/runner/cypress_runner.js:183602:10)\n    at $Cy.$$ (http://www.webdriveruniversity.com/__cypress/runner/cypress_runner.js:171840:65)\n    at getElements (http://www.webdriveruniversity.com/__cypress/runner/cypress_runner.js:158741:20)\n    at tryCatcher (http://www.webdriveruniversity.com/__cypress/runner/cypress_runner.js:13196:23)\n    at Function.Promise.attempt.Promise.try (http://www.webdriveruniversity.com/__cypress/runner/cypress_runner.js:10470:29)\n    at resolveElements (http://www.webdriveruniversity.com/__cypress/runner/cypress_runner.js:158791:67)\n    at Context.get (http://www.webdriveruniversity.com/__cypress/runner/cypress_runner.js:158802:14)\n    at http://www.webdriveruniversity.com/__cypress/runner/cypress_runner.js:170939:15\n    at tryCatcher (http://www.webdriveruniversity.com/__cypress/runner/cypress_runner.js:13196:23)",
                "diff": null
              },
              "uuid": "9c9a715c-2923-4939-a73c-87d380cac48c",
              "parentUUID": "568cf50b-45e9-4a22-8c57-c2aa3487824b",
              "isHook": false,
              "skipped": false
            }
          ],
          "suites": [],
          "passes": [],
          "failures": [
            "71957a3f-413c-4fc3-a6d8-108993fdeabe",
            "9c9a715c-2923-4939-a73c-87d380cac48c"
          ],
          "pending": [],
          "skipped": [],
          "duration": 5645,
          "root": false,
          "rootEmpty": false,
          "_timeout": 2000
        }
      ],
      "passes": [],
      "failures": [],
      "pending": [],
      "skipped": [],
      "duration": 0,
      "root": true,
      "rootEmpty": true,
      "_timeout": 2000
    },
    {
      "uuid": "f4eeedae-4f66-4435-9026-0f15cbd0e0b8",
      "title": "",
      "fullFile": "cypress/integration/webdriver-uni/contact-us.js",
      "file": "cypress/integration/webdriver-uni/contact-us.js",
      "beforeHooks": [],
      "afterHooks": [],
      "tests": [],
      "suites": [
        {
          "uuid": "bd2124ae-2c7c-42d8-91f2-5818ff59740a",
          "title": "Test Contact Us form via WebdriverUni",
          "fullFile": "",
          "file": "",
          "beforeHooks": [],
          "afterHooks": [],
          "tests": [
            {
              "title": "Should be able to submit a successful submission via contact us form",
              "fullTitle": "Test Contact Us form via WebdriverUni Should be able to submit a successful submission via contact us form",
              "timedOut": null,
              "duration": 6090,
              "state": "failed",
              "speed": null,
              "pass": false,
              "fail": true,
              "pending": false,
              "context": null,
              "code": "cy.document().should('have.property', 'charset').and('eq', 'UTF-8');\ncy.title().should('include', 'WebDriver | Contact Us');\ncy.url().should('include', 'contactus');\ncontact_Us_PO.contactForm_Submissiom(Cypress.env(\"first_name\"), globalThis.data.first_name, globalThis.data.last_name, globalThis.data.email, \"trololo\", \"h1\", 'Thank You for your Message!');",
              "err": {
                "message": "Error: Syntax error, unrecognized expression: $selector",
                "estack": "Error: Syntax error, unrecognized expression: $selector\n    at Function.Sizzle.error (https://webdriveruniversity.com/__cypress/runner/cypress_runner.js:109303:8)\n    at Sizzle.tokenize (https://webdriveruniversity.com/__cypress/runner/cypress_runner.js:109955:11)\n    at Sizzle.select (https://webdriveruniversity.com/__cypress/runner/cypress_runner.js:110382:20)\n    at Function.Sizzle [as find] (https://webdriveruniversity.com/__cypress/runner/cypress_runner.js:108607:9)\n    at jQuery.fn.init.find (https://webdriveruniversity.com/__cypress/runner/cypress_runner.js:110638:11)\n    at new jQuery.fn.init (https://webdriveruniversity.com/__cypress/runner/cypress_runner.js:110753:40)\n    at Object.query (https://webdriveruniversity.com/__cypress/runner/cypress_runner.js:183602:10)\n    at $Cy.$$ (https://webdriveruniversity.com/__cypress/runner/cypress_runner.js:171840:65)\n    at getElements (https://webdriveruniversity.com/__cypress/runner/cypress_runner.js:158741:20)\n    at tryCatcher (https://webdriveruniversity.com/__cypress/runner/cypress_runner.js:13196:23)\n    at Function.Promise.attempt.Promise.try (https://webdriveruniversity.com/__cypress/runner/cypress_runner.js:10470:29)\n    at resolveElements (https://webdriveruniversity.com/__cypress/runner/cypress_runner.js:158791:67)\n    at Context.get (https://webdriveruniversity.com/__cypress/runner/cypress_runner.js:158802:14)\n    at https://webdriveruniversity.com/__cypress/runner/cypress_runner.js:170939:15\n    at tryCatcher (https://webdriveruniversity.com/__cypress/runner/cypress_runner.js:13196:23)",
                "diff": null
              },
              "uuid": "cc986bed-6c1d-4b97-bf55-88656b240729",
              "parentUUID": "bd2124ae-2c7c-42d8-91f2-5818ff59740a",
              "isHook": false,
              "skipped": false
            },
            {
              "title": "Should not be able to submit a successful submission via contact us form as all fields are requred",
              "fullTitle": "Test Contact Us form via WebdriverUni Should not be able to submit a successful submission via contact us form as all fields are requred",
              "timedOut": null,
              "duration": 5743,
              "state": "failed",
              "speed": null,
              "pass": false,
              "fail": true,
              "pending": false,
              "context": null,
              "code": "const contact_Us_PO = new _contactUs.default();\ncontact_Us_PO.contactForm_Submissiom(globalThis.data.first_name, globalThis.data.last_name, \" \", \"trololo\", \"body\", 'Error: all fields are required');\ncy.webdriverUni_ContactForm_Submission(globalThis.data.first_name, globalThis.data.last_name, \" \", \"trololo\", \"body\", 'Error: all fields are required');",
              "err": {
                "message": "Error: Syntax error, unrecognized expression: $selector",
                "estack": "Error: Syntax error, unrecognized expression: $selector\n    at Function.Sizzle.error (https://webdriveruniversity.com/__cypress/runner/cypress_runner.js:109303:8)\n    at Sizzle.tokenize (https://webdriveruniversity.com/__cypress/runner/cypress_runner.js:109955:11)\n    at Sizzle.select (https://webdriveruniversity.com/__cypress/runner/cypress_runner.js:110382:20)\n    at Function.Sizzle [as find] (https://webdriveruniversity.com/__cypress/runner/cypress_runner.js:108607:9)\n    at jQuery.fn.init.find (https://webdriveruniversity.com/__cypress/runner/cypress_runner.js:110638:11)\n    at new jQuery.fn.init (https://webdriveruniversity.com/__cypress/runner/cypress_runner.js:110753:40)\n    at Object.query (https://webdriveruniversity.com/__cypress/runner/cypress_runner.js:183602:10)\n    at $Cy.$$ (https://webdriveruniversity.com/__cypress/runner/cypress_runner.js:171840:65)\n    at getElements (https://webdriveruniversity.com/__cypress/runner/cypress_runner.js:158741:20)\n    at tryCatcher (https://webdriveruniversity.com/__cypress/runner/cypress_runner.js:13196:23)\n    at Function.Promise.attempt.Promise.try (https://webdriveruniversity.com/__cypress/runner/cypress_runner.js:10470:29)\n    at resolveElements (https://webdriveruniversity.com/__cypress/runner/cypress_runner.js:158791:67)\n    at Context.get (https://webdriveruniversity.com/__cypress/runner/cypress_runner.js:158802:14)\n    at https://webdriveruniversity.com/__cypress/runner/cypress_runner.js:170939:15\n    at tryCatcher (https://webdriveruniversity.com/__cypress/runner/cypress_runner.js:13196:23)",
                "diff": null
              },
              "uuid": "767d5cda-3fe4-479b-a5bd-d7cef12c4791",
              "parentUUID": "bd2124ae-2c7c-42d8-91f2-5818ff59740a",
              "isHook": false,
              "skipped": false
            }
          ],
          "suites": [],
          "passes": [],
          "failures": [
            "cc986bed-6c1d-4b97-bf55-88656b240729",
            "767d5cda-3fe4-479b-a5bd-d7cef12c4791"
          ],
          "pending": [],
          "skipped": [],
          "duration": 11833,
          "root": false,
          "rootEmpty": false,
          "_timeout": 2000
        }
      ],
      "passes": [],
      "failures": [],
      "pending": [],
      "skipped": [],
      "duration": 0,
      "root": true,
      "rootEmpty": true,
      "_timeout": 2000
    },
    {
      "uuid": "e2eda425-75df-4e97-80a1-1670ed0ac8bb",
      "title": "",
      "fullFile": "cypress/integration/webdriver-uni/data-table.js",
      "file": "cypress/integration/webdriver-uni/data-table.js",
      "beforeHooks": [],
      "afterHooks": [],
      "tests": [],
      "suites": [
        {
          "uuid": "f973b3b5-354f-448e-be58-cb311f353ed5",
          "title": "Data table",
          "fullFile": "",
          "file": "",
          "beforeHooks": [],
          "afterHooks": [],
          "tests": [
            {
              "title": "Calculate and assert the age of a given user based on last name",
              "fullTitle": "Data table Calculate and assert the age of a given user based on last name",
              "timedOut": null,
              "duration": 1939,
              "state": "passed",
              "speed": "fast",
              "pass": true,
              "fail": false,
              "pending": false,
              "context": null,
              "code": "cy.get('#thumbnail-1 tr td:nth-child(2)').each(($el, index, $list) => {\n  const text = $el.text();\n  if (text.includes('Woods')) {\n    cy.get('#thumbnail-1 tr td:nth-child(2)').eq(index).next().then(function (age) {\n      const userAge = age.text();\n      expect(userAge).to.equal('80');\n    });\n  }\n});",
              "err": {},
              "uuid": "653d6d1a-7369-45de-937e-35b8eb511dac",
              "parentUUID": "f973b3b5-354f-448e-be58-cb311f353ed5",
              "isHook": false,
              "skipped": false
            }
          ],
          "suites": [],
          "passes": [
            "653d6d1a-7369-45de-937e-35b8eb511dac"
          ],
          "failures": [],
          "pending": [],
          "skipped": [],
          "duration": 1939,
          "root": false,
          "rootEmpty": false,
          "_timeout": 2000
        }
      ],
      "passes": [],
      "failures": [],
      "pending": [],
      "skipped": [],
      "duration": 0,
      "root": true,
      "rootEmpty": true,
      "_timeout": 2000
    }
  ],
  "meta": {
    "mocha": {
      "version": "7.0.1"
    },
    "mochawesome": {
      "options": {
        "quiet": false,
        "reportFilename": "mochawesome",
        "saveHtml": false,
        "saveJson": true,
        "consoleReporter": "spec",
        "useInlineDiffs": false,
        "code": true
      },
      "version": "7.0.1"
    },
    "marge": {
      "options": {
        "id": "default",
        "reportDir": "cypress/results/mochawesome",
        "quite": true,
        "overwrite": false,
        "html": false,
        "json": true
      },
      "version": "6.0.1"
    }
  }
}